<?xml version="1.0" encoding="UTF-8" ?>
<testsuite errors="0" failures="0" hostname="David-Ervins-MacBook-Pro-2.local" name="org.cagrid.data.sdkquery44.test.CycleTestCase" tests="1" time="0.398" timestamp="2011-09-13T16:05:49">
  <properties>
[...]
</properties>
  <testcase classname="org.cagrid.data.sdkquery44.test.CycleTestCase" name="testAllPackagesCycle" time="0.269" />
  <system-out><![CDATA[Analyzing source from /Users/ervin/Projects/caGrid/caGrid-1_5_release/Software/core/caGrid/projects/sdkQuery44/build/style/classes
Analyzing source from /Users/ervin/Projects/caGrid/caGrid-1_5_release/Software/core/caGrid/projects/sdkQuery44/build/processor/classes
Analyzing source from /Users/ervin/Projects/caGrid/caGrid-1_5_release/Software/core/caGrid/projects/sdkQuery44/build/translator/classes
Analyzed 96 packages and 96 classes

===== Found 0 cyclic packages. =====


]]></system-out>
  <system-err><![CDATA[]]></system-err>
</testsuite>
