<?xml version="1.0" encoding="UTF-8" ?>
<testsuite errors="0" failures="0" hostname="David-Laptop" name="org.cagrid.iso21090.model.test.ISODomainModelValidationTestCase" tests="31" time="51.837" timestamp="2010-06-17T13:29:15">
  <properties>
[...]
</properties>
  <testcase classname="org.cagrid.iso21090.model.test.ISODomainModelValidationTestCase" name="testValidateAllPaymentsQuery" time="3.726" />
  <testcase classname="org.cagrid.iso21090.model.test.ISODomainModelValidationTestCase" name="testValidateAllSuperclassQuery" time="0.0020" />
  <testcase classname="org.cagrid.iso21090.model.test.ISODomainModelValidationTestCase" name="testAssociationNotNullQuery" time="0.431" />
  <testcase classname="org.cagrid.iso21090.model.test.ISODomainModelValidationTestCase" name="testAssociationWithAttributeEqualQuery" time="0.943" />
  <testcase classname="org.cagrid.iso21090.model.test.ISODomainModelValidationTestCase" name="testAssociationWithGroupQuery" time="1.206" />
  <testcase classname="org.cagrid.iso21090.model.test.ISODomainModelValidationTestCase" name="testCountAssociationNotNullQuery" time="0.442" />
  <testcase classname="org.cagrid.iso21090.model.test.ISODomainModelValidationTestCase" name="testDistinctAttributeFromCashQuery" time="0.0020" />
  <testcase classname="org.cagrid.iso21090.model.test.ISODomainModelValidationTestCase" name="testGroupOfAssociationsUsingAndQuery" time="0.785" />
  <testcase classname="org.cagrid.iso21090.model.test.ISODomainModelValidationTestCase" name="testGroupOfAssociationsUsingOrQuery" time="0.782" />
  <testcase classname="org.cagrid.iso21090.model.test.ISODomainModelValidationTestCase" name="testGroupOfAttributesUsingAndQuery" time="2.341" />
  <testcase classname="org.cagrid.iso21090.model.test.ISODomainModelValidationTestCase" name="testGroupOfAttributesUsingOrQuery" time="2.346" />
  <testcase classname="org.cagrid.iso21090.model.test.ISODomainModelValidationTestCase" name="testNestedAssociationsQuery" time="1.279" />
  <testcase classname="org.cagrid.iso21090.model.test.ISODomainModelValidationTestCase" name="testNestedAssociationsNoRoleNamesQuery" time="1.306" />
  <testcase classname="org.cagrid.iso21090.model.test.ISODomainModelValidationTestCase" name="testSingleAttributeFromCashQuery" time="0.0020" />
  <testcase classname="org.cagrid.iso21090.model.test.ISODomainModelValidationTestCase" name="testUngergraduateStudentWithNameQuery" time="1.355" />
  <testcase classname="org.cagrid.iso21090.model.test.ISODomainModelValidationTestCase" name="testDsetCdCodeAttributeEqualQuery" time="2.801" />
  <testcase classname="org.cagrid.iso21090.model.test.ISODomainModelValidationTestCase" name="testDsetAdPartValueAttributeEqualQuery" time="3.876" />
  <testcase classname="org.cagrid.iso21090.model.test.ISODomainModelValidationTestCase" name="testDsetCdNullFlavorQuery" time="0.527" />
  <testcase classname="org.cagrid.iso21090.model.test.ISODomainModelValidationTestCase" name="testIvlIntAttributeQuery" time="2.839" />
  <testcase classname="org.cagrid.iso21090.model.test.ISODomainModelValidationTestCase" name="testDsetTelAttributeValueQuery" time="2.881" />
  <testcase classname="org.cagrid.iso21090.model.test.ISODomainModelValidationTestCase" name="testBlNonNullQuery" time="0.542" />
  <testcase classname="org.cagrid.iso21090.model.test.ISODomainModelValidationTestCase" name="testCdDatatypeCodeSystemAttributeQuery" time="2.822" />
  <testcase classname="org.cagrid.iso21090.model.test.ISODomainModelValidationTestCase" name="testScDataTypeCdCodeSystemAttributeEqualQuery" time="2.778" />
  <testcase classname="org.cagrid.iso21090.model.test.ISODomainModelValidationTestCase" name="testIiRootValueQuery" time="0.482" />
  <testcase classname="org.cagrid.iso21090.model.test.ISODomainModelValidationTestCase" name="testIvlTsWidthNullFlavorQuery" time="2.846" />
  <testcase classname="org.cagrid.iso21090.model.test.ISODomainModelValidationTestCase" name="testPqUnitQuery" time="0.58" />
  <testcase classname="org.cagrid.iso21090.model.test.ISODomainModelValidationTestCase" name="testRealValueQuery" time="0.525" />
  <testcase classname="org.cagrid.iso21090.model.test.ISODomainModelValidationTestCase" name="testIvlPqWidthQuery" time="2.793" />
  <testcase classname="org.cagrid.iso21090.model.test.ISODomainModelValidationTestCase" name="testCdEdTextQuery" time="3.861" />
  <testcase classname="org.cagrid.iso21090.model.test.ISODomainModelValidationTestCase" name="testCdEdTextValueQuery" time="3.998" />
  <testcase classname="org.cagrid.iso21090.model.test.ISODomainModelValidationTestCase" name="testIvlIntLowClosedQuery" time="0.518" />
  <system-out><![CDATA[]]></system-out>
  <system-err><![CDATA[]]></system-err>
</testsuite>
